<?xml version="1.0" encoding="UTF-8"?>
<!DOCTYPE html PUBLIC "-//W3C//DTD XHTML 1.0 Strict//EN" "http://www.w3.org/TR/xhtml1/DTD/xhtml1-strict.dtd">
<html xmlns="http://www.w3.org/1999/xhtml">
<head>
    <title>个险保全系统测试报告</title>
    <meta name="generator" content="HTMLTestRunner 0.8.2"/>
    <meta http-equiv="Content-Type" content="text/html; charset=UTF-8"/>
    
<style type="text/css" media="screen">
body        { font-family: verdana, arial, helvetica, sans-serif; font-size: 80%; }
table       { font-size: 100%; }
pre         { }

/* -- heading ---------------------------------------------------------------------- */
h1 {
	font-size: 16pt;
	color: gray;
}
.heading {
    margin-top: 0ex;
    margin-bottom: 1ex;
}

.heading .attribute {
    margin-top: 1ex;
    margin-bottom: 0;
}

.heading .description {
    margin-top: 4ex;
    margin-bottom: 6ex;
}

/* -- css div popup ------------------------------------------------------------------------ */
a.popup_link {
}

a.popup_link:hover {
    color: red;
}

.popup_window {
    display: none;
    position: relative;
    left: 0px;
    top: 0px;
    /*border: solid #627173 1px; */
    padding: 10px;
    background-color: #E6E6D6;
    font-family: "Lucida Console", "Courier New", Courier, monospace;
    text-align: left;
    font-size: 8pt;
    width: 500px;
}

}
/* -- report ------------------------------------------------------------------------ */
#show_detail_line {
    margin-top: 3ex;
    margin-bottom: 1ex;
}
#result_table {
    width: 80%;
    border-collapse: collapse;
    border: 1px solid #777;
}
#header_row {
    font-weight: bold;
    color: white;
    background-color: #777;
}
#result_table td {
    border: 1px solid #777;
    padding: 2px;
}
#total_row  { font-weight: bold; }
.passClass  { background-color: #6c6; }
.failClass  { background-color: #c60; }
.errorClass { background-color: #c00; }
.passCase   { color: #6c6; }
.failCase   { color: #c60; font-weight: bold; }
.errorCase  { color: #c00; font-weight: bold; }
.hiddenRow  { display: none; }
.testcase   { margin-left: 2em; }


/* -- ending ---------------------------------------------------------------------- */
#ending {
}

</style>

</head>
<body>
<script language="javascript" type="text/javascript"><!--
output_list = Array();

/* level - 0:Summary; 1:Failed; 2:All */
function showCase(level) {
    trs = document.getElementsByTagName("tr");
    for (var i = 0; i < trs.length; i++) {
        tr = trs[i];
        id = tr.id;
        if (id.substr(0,2) == 'ft') {
            if (level < 1) {
                tr.className = 'hiddenRow';
            }
            else {
                tr.className = '';
            }
        }
        if (id.substr(0,2) == 'pt') {
            if (level > 1) {
                tr.className = '';
            }
            else {
                tr.className = 'hiddenRow';
            }
        }
    }
}


function showClassDetail(cid, count) {
    var id_list = Array(count);
    var toHide = 1;
    for (var i = 0; i < count; i++) {
        tid0 = 't' + cid.substr(1) + '.' + (i+1);
        tid = 'f' + tid0;
        tr = document.getElementById(tid);
        if (!tr) {
            tid = 'p' + tid0;
            tr = document.getElementById(tid);
        }
        id_list[i] = tid;
        if (tr.className) {
            toHide = 0;
        }
    }
    for (var i = 0; i < count; i++) {
        tid = id_list[i];
        if (toHide) {
            document.getElementById('div_'+tid).style.display = 'none'
            document.getElementById(tid).className = 'hiddenRow';
        }
        else {
            document.getElementById(tid).className = '';
        }
    }
}


function showTestDetail(div_id){
    var details_div = document.getElementById(div_id)
    var displayState = details_div.style.display
    // alert(displayState)
    if (displayState != 'block' ) {
        displayState = 'block'
        details_div.style.display = 'block'
    }
    else {
        details_div.style.display = 'none'
    }
}


function html_escape(s) {
    s = s.replace(/&/g,'&amp;');
    s = s.replace(/</g,'&lt;');
    s = s.replace(/>/g,'&gt;');
    return s;
}

/* obsoleted by detail in <div>
function showOutput(id, name) {
    var w = window.open("", //url
                    name,
                    "resizable,scrollbars,status,width=800,height=450");
    d = w.document;
    d.write("<pre>");
    d.write(html_escape(output_list[id]));
    d.write("\n");
    d.write("<a href='javascript:window.close()'>close</a>\n");
    d.write("</pre>\n");
    d.close();
}
*/
--></script>

<div class='heading'>
<h1>个险保全系统测试报告</h1>
<p class='attribute'><strong>Start Time:</strong> 2015-04-17 09:25:30</p>
<p class='attribute'><strong>Duration:</strong> 0:20:18.492000</p>
<p class='attribute'><strong>Status:</strong> Pass 42 Error 22</p>

<p class='description'>用例执行情况：</p>
</div>



<p id='show_detail_line'>Show
<a href='javascript:showCase(0)'>Summary</a>
<a href='javascript:showCase(1)'>Failed</a>
<a href='javascript:showCase(2)'>All</a>
</p>
<table id='result_table'>
<colgroup>
<col align='left' />
<col align='right' />
<col align='right' />
<col align='right' />
<col align='right' />
<col align='right' />
</colgroup>
<tr id='header_row'>
    <td>Test Group/Test case</td>
    <td>Count</td>
    <td>Pass</td>
    <td>Fail</td>
    <td>Error</td>
    <td>View</td>
</tr>

<tr class='passClass'>
    <td>testsuite_01.TestCase_01: 退保试算</td>
    <td>5</td>
    <td>5</td>
    <td>0</td>
    <td>0</td>
    <td><a href="javascript:showClassDetail('c1',5)">Detail</a></td>
</tr>

<tr id='pt1.1' class='hiddenRow'>
    <td class='none'><div class='testcase'>test_01_login: 登录</div></td>
    <td colspan='5' align='center'>pass</td>
</tr>

<tr id='pt1.2' class='hiddenRow'>
    <td class='none'><div class='testcase'>test_02_khcx: 客户查询</div></td>
    <td colspan='5' align='center'>pass</td>
</tr>

<tr id='pt1.3' class='hiddenRow'>
    <td class='none'><div class='testcase'>test_03_khxz: 客户选择</div></td>
    <td colspan='5' align='center'>pass</td>
</tr>

<tr id='pt1.4' class='hiddenRow'>
    <td class='none'><div class='testcase'>test_04_jblr: 项目经办信息录入</div></td>
    <td colspan='5' align='center'>pass</td>
</tr>

<tr id='pt1.5' class='hiddenRow'>
    <td class='none'><div class='testcase'>test_05_dbjg: 受理经办结果</div></td>
    <td colspan='5' align='center'>pass</td>
</tr>

<tr class='errorClass'>
    <td>testsuite_02.TestCase_01: 退保--整单退保</td>
    <td>9</td>
    <td>5</td>
    <td>0</td>
    <td>4</td>
    <td><a href="javascript:showClassDetail('c2',9)">Detail</a></td>
</tr>

<tr id='pt2.1' class='hiddenRow'>
    <td class='none'><div class='testcase'>test_01_login: 登录</div></td>
    <td colspan='5' align='center'>pass</td>
</tr>

<tr id='pt2.2' class='hiddenRow'>
    <td class='none'><div class='testcase'>test_02_khcx: 客户查询</div></td>
    <td colspan='5' align='center'>pass</td>
</tr>

<tr id='pt2.3' class='hiddenRow'>
    <td class='none'><div class='testcase'>test_03_khxz: 客户选择</div></td>
    <td colspan='5' align='center'>pass</td>
</tr>

<tr id='pt2.4' class='hiddenRow'>
    <td class='none'><div class='testcase'>test_04_xxlr: 申请信息录入</div></td>
    <td colspan='5' align='center'>pass</td>
</tr>

<tr id='pt2.5' class='hiddenRow'>
    <td class='none'><div class='testcase'>test_05_bqqr: 保全项目确认</div></td>
    <td colspan='5' align='center'>

    <!--css div popup start-->
    <a class="popup_link" onfocus='this.blur();' href="javascript:showTestDetail('div_pt2.5')" >
        pass</a>

    <div id='div_pt2.5' class="popup_window">
        <div style='text-align: right; color:red;cursor:pointer'>
        <a onfocus='this.blur();' onclick="document.getElementById('div_pt2.5').style.display = 'none' " >
           [x]</a>
        </div>
        <pre>
        
pt2.5: Message: Unable to locate element: {"method":"xpath","selector":"/html/body/div[2]/div[2]/form/div[1]/div[2]/div/fieldset/table/tbody/tr/td[5]/span"}
Stacktrace:
    at FirefoxDriver.prototype.findElementInternal_ (file:///d:/users/fengping.hu/appdata/local/temp/tmp4kfrmz/extensions/fxdriver@googlecode.com/components/driver-component.js:10271)
    at fxdriver.Timer.prototype.setTimeout/&lt;.notify (file:///d:/users/fengping.hu/appdata/local/temp/tmp4kfrmz/extensions/fxdriver@googlecode.com/components/driver-component.js:603)
    at openModalWindow (resource://gre/components/nsPrompter.js:369)
    at ModalPrompter.prototype.openPrompt (resource://gre/components/nsPrompter.js:552)
    at ModalPrompter.prototype.nsIPrompt_promptUsernameAndPassword (resource://gre/components/nsPrompter.js:746)
    at ModalPrompter.prototype.promptAuth (resource://gre/components/nsPrompter.js:845)
    at Prompter.prototype.promptAuth (resource://gre/components/nsPrompter.js:107)
    at LoginManagerPrompter.prototype.promptAuth (resource://gre/components/nsLoginManagerPrompter.js:585)
    at LoginManagerPromptFactory.prototype._doAsyncPrompt/runnable.run (resource://gre/components/nsLoginManagerPrompter.js:98)
 请查看截图文件 2015-04-17_09_25_30.png


        </pre>
    </div>
    <!--css div popup end-->

    </td>
</tr>

<tr id='ft2.6' class='none'>
    <td class='errorCase'><div class='testcase'>test_06_xxtz: 受理捆绑信息调整</div></td>
    <td colspan='5' align='center'>

    <!--css div popup start-->
    <a class="popup_link" onfocus='this.blur();' href="javascript:showTestDetail('div_ft2.6')" >
        error</a>

    <div id='div_ft2.6' class="popup_window">
        <div style='text-align: right; color:red;cursor:pointer'>
        <a onfocus='this.blur();' onclick="document.getElementById('div_ft2.6').style.display = 'none' " >
           [x]</a>
        </div>
        <pre>
        
ft2.6: Traceback (most recent call last):
  File "D:\shell\test\SL_POS\src\SL_POS\testsuite_02.py", line 166, in test_06_xxtz
    driver.find_element_by_name('adjustItem').click()
  File "C:\Python27\lib\site-packages\selenium\webdriver\remote\webdriver.py", line 304, in find_element_by_name
    return self.find_element(by=By.NAME, value=name)
  File "C:\Python27\lib\site-packages\selenium\webdriver\remote\webdriver.py", line 664, in find_element
    {'using': by, 'value': value})['value']
  File "C:\Python27\lib\site-packages\selenium\webdriver\remote\webdriver.py", line 175, in execute
    self.error_handler.check_response(response)
  File "C:\Python27\lib\site-packages\selenium\webdriver\remote\errorhandler.py", line 166, in check_response
    raise exception_class(message, screen, stacktrace)
NoSuchElementException: Message: Unable to locate element: {"method":"name","selector":"adjustItem"}
Stacktrace:
    at FirefoxDriver.prototype.findElementInternal_ (file:///d:/users/fengping.hu/appdata/local/temp/tmp4kfrmz/extensions/fxdriver@googlecode.com/components/driver-component.js:10271)
    at fxdriver.Timer.prototype.setTimeout/&lt;.notify (file:///d:/users/fengping.hu/appdata/local/temp/tmp4kfrmz/extensions/fxdriver@googlecode.com/components/driver-component.js:603)
    at openModalWindow (resource://gre/components/nsPrompter.js:369)
    at ModalPrompter.prototype.openPrompt (resource://gre/components/nsPrompter.js:552)
    at ModalPrompter.prototype.nsIPrompt_promptUsernameAndPassword (resource://gre/components/nsPrompter.js:746)
    at ModalPrompter.prototype.promptAuth (resource://gre/components/nsPrompter.js:845)
    at Prompter.prototype.promptAuth (resource://gre/components/nsPrompter.js:107)
    at LoginManagerPrompter.prototype.promptAuth (resource://gre/components/nsLoginManagerPrompter.js:585)
    at LoginManagerPromptFactory.prototype._doAsyncPrompt/runnable.run (resource://gre/components/nsLoginManagerPrompter.js:98)


        </pre>
    </div>
    <!--css div popup end-->

    </td>
</tr>

<tr id='ft2.7' class='none'>
    <td class='errorCase'><div class='testcase'>test_07_xxlr: 项目经办信息录入</div></td>
    <td colspan='5' align='center'>

    <!--css div popup start-->
    <a class="popup_link" onfocus='this.blur();' href="javascript:showTestDetail('div_ft2.7')" >
        error</a>

    <div id='div_ft2.7' class="popup_window">
        <div style='text-align: right; color:red;cursor:pointer'>
        <a onfocus='this.blur();' onclick="document.getElementById('div_ft2.7').style.display = 'none' " >
           [x]</a>
        </div>
        <pre>
        
ft2.7: Traceback (most recent call last):
  File "D:\shell\test\SL_POS\src\SL_POS\testsuite_02.py", line 176, in test_07_xxlr
    xf = driver.find_element_by_xpath('/html/body/div[2]/div/div[4]/div/div[2]/div/div[1]/div/iframe')
  File "C:\Python27\lib\site-packages\selenium\webdriver\remote\webdriver.py", line 232, in find_element_by_xpath
    return self.find_element(by=By.XPATH, value=xpath)
  File "C:\Python27\lib\site-packages\selenium\webdriver\remote\webdriver.py", line 664, in find_element
    {'using': by, 'value': value})['value']
  File "C:\Python27\lib\site-packages\selenium\webdriver\remote\webdriver.py", line 175, in execute
    self.error_handler.check_response(response)
  File "C:\Python27\lib\site-packages\selenium\webdriver\remote\errorhandler.py", line 166, in check_response
    raise exception_class(message, screen, stacktrace)
NoSuchElementException: Message: Unable to locate element: {"method":"xpath","selector":"/html/body/div[2]/div/div[4]/div/div[2]/div/div[1]/div/iframe"}
Stacktrace:
    at FirefoxDriver.prototype.findElementInternal_ (file:///d:/users/fengping.hu/appdata/local/temp/tmp4kfrmz/extensions/fxdriver@googlecode.com/components/driver-component.js:10271)
    at fxdriver.Timer.prototype.setTimeout/&lt;.notify (file:///d:/users/fengping.hu/appdata/local/temp/tmp4kfrmz/extensions/fxdriver@googlecode.com/components/driver-component.js:603)
    at openModalWindow (resource://gre/components/nsPrompter.js:369)
    at ModalPrompter.prototype.openPrompt (resource://gre/components/nsPrompter.js:552)
    at ModalPrompter.prototype.nsIPrompt_promptUsernameAndPassword (resource://gre/components/nsPrompter.js:746)
    at ModalPrompter.prototype.promptAuth (resource://gre/components/nsPrompter.js:845)
    at Prompter.prototype.promptAuth (resource://gre/components/nsPrompter.js:107)
    at LoginManagerPrompter.prototype.promptAuth (resource://gre/components/nsLoginManagerPrompter.js:585)
    at LoginManagerPromptFactory.prototype._doAsyncPrompt/runnable.run (resource://gre/components/nsLoginManagerPrompter.js:98)


        </pre>
    </div>
    <!--css div popup end-->

    </td>
</tr>

<tr id='ft2.8' class='none'>
    <td class='errorCase'><div class='testcase'>test_08_jbjg: 受理经办结果</div></td>
    <td colspan='5' align='center'>

    <!--css div popup start-->
    <a class="popup_link" onfocus='this.blur();' href="javascript:showTestDetail('div_ft2.8')" >
        error</a>

    <div id='div_ft2.8' class="popup_window">
        <div style='text-align: right; color:red;cursor:pointer'>
        <a onfocus='this.blur();' onclick="document.getElementById('div_ft2.8').style.display = 'none' " >
           [x]</a>
        </div>
        <pre>
        
ft2.8: Traceback (most recent call last):
  File "D:\shell\test\SL_POS\src\SL_POS\testsuite_02.py", line 195, in test_08_jbjg
    xf = driver.find_element_by_xpath('/html/body/div[2]/div/div[4]/div/div[2]/div/div[1]/div/iframe')
  File "C:\Python27\lib\site-packages\selenium\webdriver\remote\webdriver.py", line 232, in find_element_by_xpath
    return self.find_element(by=By.XPATH, value=xpath)
  File "C:\Python27\lib\site-packages\selenium\webdriver\remote\webdriver.py", line 664, in find_element
    {'using': by, 'value': value})['value']
  File "C:\Python27\lib\site-packages\selenium\webdriver\remote\webdriver.py", line 175, in execute
    self.error_handler.check_response(response)
  File "C:\Python27\lib\site-packages\selenium\webdriver\remote\errorhandler.py", line 166, in check_response
    raise exception_class(message, screen, stacktrace)
NoSuchElementException: Message: Unable to locate element: {"method":"xpath","selector":"/html/body/div[2]/div/div[4]/div/div[2]/div/div[1]/div/iframe"}
Stacktrace:
    at FirefoxDriver.prototype.findElementInternal_ (file:///d:/users/fengping.hu/appdata/local/temp/tmp4kfrmz/extensions/fxdriver@googlecode.com/components/driver-component.js:10271)
    at fxdriver.Timer.prototype.setTimeout/&lt;.notify (file:///d:/users/fengping.hu/appdata/local/temp/tmp4kfrmz/extensions/fxdriver@googlecode.com/components/driver-component.js:603)
    at openModalWindow (resource://gre/components/nsPrompter.js:369)
    at ModalPrompter.prototype.openPrompt (resource://gre/components/nsPrompter.js:552)
    at ModalPrompter.prototype.nsIPrompt_promptUsernameAndPassword (resource://gre/components/nsPrompter.js:746)
    at ModalPrompter.prototype.promptAuth (resource://gre/components/nsPrompter.js:845)
    at Prompter.prototype.promptAuth (resource://gre/components/nsPrompter.js:107)
    at LoginManagerPrompter.prototype.promptAuth (resource://gre/components/nsLoginManagerPrompter.js:585)
    at LoginManagerPromptFactory.prototype._doAsyncPrompt/runnable.run (resource://gre/components/nsLoginManagerPrompter.js:98)


        </pre>
    </div>
    <!--css div popup end-->

    </td>
</tr>

<tr id='ft2.9' class='none'>
    <td class='errorCase'><div class='testcase'>test_09_dysq: 激光打印申请</div></td>
    <td colspan='5' align='center'>

    <!--css div popup start-->
    <a class="popup_link" onfocus='this.blur();' href="javascript:showTestDetail('div_ft2.9')" >
        error</a>

    <div id='div_ft2.9' class="popup_window">
        <div style='text-align: right; color:red;cursor:pointer'>
        <a onfocus='this.blur();' onclick="document.getElementById('div_ft2.9').style.display = 'none' " >
           [x]</a>
        </div>
        <pre>
        
ft2.9: Traceback (most recent call last):
  File "D:\shell\test\SL_POS\src\SL_POS\testsuite_02.py", line 221, in test_09_dysq
    xf = driver.find_element_by_xpath('/html/body/div[2]/div/div[4]/div/div[2]/div/div[1]/div/iframe')
  File "C:\Python27\lib\site-packages\selenium\webdriver\remote\webdriver.py", line 232, in find_element_by_xpath
    return self.find_element(by=By.XPATH, value=xpath)
  File "C:\Python27\lib\site-packages\selenium\webdriver\remote\webdriver.py", line 664, in find_element
    {'using': by, 'value': value})['value']
  File "C:\Python27\lib\site-packages\selenium\webdriver\remote\webdriver.py", line 175, in execute
    self.error_handler.check_response(response)
  File "C:\Python27\lib\site-packages\selenium\webdriver\remote\errorhandler.py", line 166, in check_response
    raise exception_class(message, screen, stacktrace)
NoSuchElementException: Message: Unable to locate element: {"method":"xpath","selector":"/html/body/div[2]/div/div[4]/div/div[2]/div/div[1]/div/iframe"}
Stacktrace:
    at FirefoxDriver.prototype.findElementInternal_ (file:///d:/users/fengping.hu/appdata/local/temp/tmp4kfrmz/extensions/fxdriver@googlecode.com/components/driver-component.js:10271)
    at fxdriver.Timer.prototype.setTimeout/&lt;.notify (file:///d:/users/fengping.hu/appdata/local/temp/tmp4kfrmz/extensions/fxdriver@googlecode.com/components/driver-component.js:603)
    at openModalWindow (resource://gre/components/nsPrompter.js:369)
    at ModalPrompter.prototype.openPrompt (resource://gre/components/nsPrompter.js:552)
    at ModalPrompter.prototype.nsIPrompt_promptUsernameAndPassword (resource://gre/components/nsPrompter.js:746)
    at ModalPrompter.prototype.promptAuth (resource://gre/components/nsPrompter.js:845)
    at Prompter.prototype.promptAuth (resource://gre/components/nsPrompter.js:107)
    at LoginManagerPrompter.prototype.promptAuth (resource://gre/components/nsLoginManagerPrompter.js:585)
    at LoginManagerPromptFactory.prototype._doAsyncPrompt/runnable.run (resource://gre/components/nsLoginManagerPrompter.js:98)


        </pre>
    </div>
    <!--css div popup end-->

    </td>
</tr>

<tr class='passClass'>
    <td>testsuite_03.TestCase_01: 退保--附加险退保</td>
    <td>9</td>
    <td>9</td>
    <td>0</td>
    <td>0</td>
    <td><a href="javascript:showClassDetail('c3',9)">Detail</a></td>
</tr>

<tr id='pt3.1' class='hiddenRow'>
    <td class='none'><div class='testcase'>test_01_login: 登录</div></td>
    <td colspan='5' align='center'>pass</td>
</tr>

<tr id='pt3.2' class='hiddenRow'>
    <td class='none'><div class='testcase'>test_02_khcx: 客户查询</div></td>
    <td colspan='5' align='center'>pass</td>
</tr>

<tr id='pt3.3' class='hiddenRow'>
    <td class='none'><div class='testcase'>test_03_khxz: 客户选择</div></td>
    <td colspan='5' align='center'>pass</td>
</tr>

<tr id='pt3.4' class='hiddenRow'>
    <td class='none'><div class='testcase'>test_04_xxlr: 申请信息录入</div></td>
    <td colspan='5' align='center'>pass</td>
</tr>

<tr id='pt3.5' class='hiddenRow'>
    <td class='none'><div class='testcase'>test_05_bqqr: 保全项目确认</div></td>
    <td colspan='5' align='center'>

    <!--css div popup start-->
    <a class="popup_link" onfocus='this.blur();' href="javascript:showTestDetail('div_pt3.5')" >
        pass</a>

    <div id='div_pt3.5' class="popup_window">
        <div style='text-align: right; color:red;cursor:pointer'>
        <a onfocus='this.blur();' onclick="document.getElementById('div_pt3.5').style.display = 'none' " >
           [x]</a>
        </div>
        <pre>
        
pt3.5: Message: The given selector /html/body/div[2]/div[2]/form/div[1]/div[2]/div/fieldset/table/tbody/tr/td[5]/span is either invalid or does not result in a WebElement. The following error occurred:
InvalidSelectorError: Unable to locate an element with the xpath expression /html/body/div[2]/div[2]/form/div[1]/div[2]/div/fieldset/table/tbody/tr/td[5]/span because of the following error:
TypeError: Argument 1 of Document.createNSResolver is not an object.
Stacktrace:
    at FirefoxDriver.annotateInvalidSelectorError_ (file:///d:/users/fengping.hu/appdata/local/temp/tmpyn8kjo/extensions/fxdriver@googlecode.com/components/driver-component.js:10245)
    at FirefoxDriver.prototype.findElementInternal_ (file:///d:/users/fengping.hu/appdata/local/temp/tmpyn8kjo/extensions/fxdriver@googlecode.com/components/driver-component.js:10276)
    at fxdriver.Timer.prototype.setTimeout/&lt;.notify (file:///d:/users/fengping.hu/appdata/local/temp/tmpyn8kjo/extensions/fxdriver@googlecode.com/components/driver-component.js:603)
 请查看截图文件 2015-04-17_09_30_18.png


        </pre>
    </div>
    <!--css div popup end-->

    </td>
</tr>

<tr id='pt3.6' class='hiddenRow'>
    <td class='none'><div class='testcase'>test_06_xxtz: 受理捆绑信息调整</div></td>
    <td colspan='5' align='center'>pass</td>
</tr>

<tr id='pt3.7' class='hiddenRow'>
    <td class='none'><div class='testcase'>test_07_xxlr: 项目经办信息录入</div></td>
    <td colspan='5' align='center'>pass</td>
</tr>

<tr id='pt3.8' class='hiddenRow'>
    <td class='none'><div class='testcase'>test_08_jbjg: 受理经办结果</div></td>
    <td colspan='5' align='center'>

    <!--css div popup start-->
    <a class="popup_link" onfocus='this.blur();' href="javascript:showTestDetail('div_pt3.8')" >
        pass</a>

    <div id='div_pt3.8' class="popup_window">
        <div style='text-align: right; color:red;cursor:pointer'>
        <a onfocus='this.blur();' onclick="document.getElementById('div_pt3.8').style.display = 'none' " >
           [x]</a>
        </div>
        <pre>
        
pt3.8: 现金价值计算错误或处理规则检查不通过！
 请查看截图文件 2015-04-17_09_30_40.png


        </pre>
    </div>
    <!--css div popup end-->

    </td>
</tr>

<tr id='pt3.9' class='hiddenRow'>
    <td class='none'><div class='testcase'>test_09_dysq: 激光打印申请</div></td>
    <td colspan='5' align='center'>pass</td>
</tr>

<tr class='errorClass'>
    <td>testsuite_04.TestCase_01: 犹豫期撤销</td>
    <td>10</td>
    <td>5</td>
    <td>0</td>
    <td>5</td>
    <td><a href="javascript:showClassDetail('c4',10)">Detail</a></td>
</tr>

<tr id='pt4.1' class='hiddenRow'>
    <td class='none'><div class='testcase'>test_01_login: 登录</div></td>
    <td colspan='5' align='center'>pass</td>
</tr>

<tr id='pt4.2' class='hiddenRow'>
    <td class='none'><div class='testcase'>test_02_khcx: 客户查询</div></td>
    <td colspan='5' align='center'>pass</td>
</tr>

<tr id='pt4.3' class='hiddenRow'>
    <td class='none'><div class='testcase'>test_03_khxz: 客户选择</div></td>
    <td colspan='5' align='center'>pass</td>
</tr>

<tr id='pt4.4' class='hiddenRow'>
    <td class='none'><div class='testcase'>test_04_xxlr: 申请信息录入</div></td>
    <td colspan='5' align='center'>pass</td>
</tr>

<tr id='pt4.5' class='hiddenRow'>
    <td class='none'><div class='testcase'>test_05_bqqr: 保全项目确认</div></td>
    <td colspan='5' align='center'>

    <!--css div popup start-->
    <a class="popup_link" onfocus='this.blur();' href="javascript:showTestDetail('div_pt4.5')" >
        pass</a>

    <div id='div_pt4.5' class="popup_window">
        <div style='text-align: right; color:red;cursor:pointer'>
        <a onfocus='this.blur();' onclick="document.getElementById('div_pt4.5').style.display = 'none' " >
           [x]</a>
        </div>
        <pre>
        
pt4.5: Message: The given selector /html/body/div[2]/div[2]/form/div[1]/div[2]/div/fieldset/table/tbody/tr/td[5]/span is either invalid or does not result in a WebElement. The following error occurred:
InvalidSelectorError: Unable to locate an element with the xpath expression /html/body/div[2]/div[2]/form/div[1]/div[2]/div/fieldset/table/tbody/tr/td[5]/span because of the following error:
TypeError: Argument 1 of Document.createNSResolver is not an object.
Stacktrace:
    at FirefoxDriver.annotateInvalidSelectorError_ (file:///d:/users/fengping.hu/appdata/local/temp/tmplwggoj/extensions/fxdriver@googlecode.com/components/driver-component.js:10245)
    at FirefoxDriver.prototype.findElementInternal_ (file:///d:/users/fengping.hu/appdata/local/temp/tmplwggoj/extensions/fxdriver@googlecode.com/components/driver-component.js:10276)
    at fxdriver.Timer.prototype.setTimeout/&lt;.notify (file:///d:/users/fengping.hu/appdata/local/temp/tmplwggoj/extensions/fxdriver@googlecode.com/components/driver-component.js:603)
 请查看截图文件 2015-04-17_09_31_34.png


        </pre>
    </div>
    <!--css div popup end-->

    </td>
</tr>

<tr id='ft4.6' class='none'>
    <td class='errorCase'><div class='testcase'>test_06_xxtz: 受理捆绑信息调整</div></td>
    <td colspan='5' align='center'>

    <!--css div popup start-->
    <a class="popup_link" onfocus='this.blur();' href="javascript:showTestDetail('div_ft4.6')" >
        error</a>

    <div id='div_ft4.6' class="popup_window">
        <div style='text-align: right; color:red;cursor:pointer'>
        <a onfocus='this.blur();' onclick="document.getElementById('div_ft4.6').style.display = 'none' " >
           [x]</a>
        </div>
        <pre>
        
ft4.6: Traceback (most recent call last):
  File "D:\shell\test\SL_POS\src\SL_POS\testsuite_04.py", line 171, in test_06_xxtz
    driver.find_element_by_name('adjustItem').click()
  File "C:\Python27\lib\site-packages\selenium\webdriver\remote\webdriver.py", line 304, in find_element_by_name
    return self.find_element(by=By.NAME, value=name)
  File "C:\Python27\lib\site-packages\selenium\webdriver\remote\webdriver.py", line 664, in find_element
    {'using': by, 'value': value})['value']
  File "C:\Python27\lib\site-packages\selenium\webdriver\remote\webdriver.py", line 175, in execute
    self.error_handler.check_response(response)
  File "C:\Python27\lib\site-packages\selenium\webdriver\remote\errorhandler.py", line 166, in check_response
    raise exception_class(message, screen, stacktrace)
NoSuchElementException: Message: Unable to locate element: {"method":"name","selector":"adjustItem"}
Stacktrace:
    at FirefoxDriver.prototype.findElementInternal_ (file:///d:/users/fengping.hu/appdata/local/temp/tmplwggoj/extensions/fxdriver@googlecode.com/components/driver-component.js:10271)
    at fxdriver.Timer.prototype.setTimeout/&lt;.notify (file:///d:/users/fengping.hu/appdata/local/temp/tmplwggoj/extensions/fxdriver@googlecode.com/components/driver-component.js:603)
    at openModalWindow (resource://gre/components/nsPrompter.js:369)
    at ModalPrompter.prototype.openPrompt (resource://gre/components/nsPrompter.js:552)
    at ModalPrompter.prototype.nsIPrompt_promptUsernameAndPassword (resource://gre/components/nsPrompter.js:746)
    at ModalPrompter.prototype.promptAuth (resource://gre/components/nsPrompter.js:845)
    at Prompter.prototype.promptAuth (resource://gre/components/nsPrompter.js:107)
    at LoginManagerPrompter.prototype.promptAuth (resource://gre/components/nsLoginManagerPrompter.js:585)
    at LoginManagerPromptFactory.prototype._doAsyncPrompt/runnable.run (resource://gre/components/nsLoginManagerPrompter.js:98)


        </pre>
    </div>
    <!--css div popup end-->

    </td>
</tr>

<tr id='ft4.7' class='none'>
    <td class='errorCase'><div class='testcase'>test_07_xxlr: 项目经办信息录入</div></td>
    <td colspan='5' align='center'>

    <!--css div popup start-->
    <a class="popup_link" onfocus='this.blur();' href="javascript:showTestDetail('div_ft4.7')" >
        error</a>

    <div id='div_ft4.7' class="popup_window">
        <div style='text-align: right; color:red;cursor:pointer'>
        <a onfocus='this.blur();' onclick="document.getElementById('div_ft4.7').style.display = 'none' " >
           [x]</a>
        </div>
        <pre>
        
ft4.7: Traceback (most recent call last):
  File "D:\shell\test\SL_POS\src\SL_POS\testsuite_04.py", line 182, in test_07_xxlr
    xf = driver.find_element_by_xpath('/html/body/div[2]/div/div[4]/div/div[2]/div/div[1]/div/iframe')
  File "C:\Python27\lib\site-packages\selenium\webdriver\remote\webdriver.py", line 232, in find_element_by_xpath
    return self.find_element(by=By.XPATH, value=xpath)
  File "C:\Python27\lib\site-packages\selenium\webdriver\remote\webdriver.py", line 664, in find_element
    {'using': by, 'value': value})['value']
  File "C:\Python27\lib\site-packages\selenium\webdriver\remote\webdriver.py", line 175, in execute
    self.error_handler.check_response(response)
  File "C:\Python27\lib\site-packages\selenium\webdriver\remote\errorhandler.py", line 166, in check_response
    raise exception_class(message, screen, stacktrace)
NoSuchElementException: Message: Unable to locate element: {"method":"xpath","selector":"/html/body/div[2]/div/div[4]/div/div[2]/div/div[1]/div/iframe"}
Stacktrace:
    at FirefoxDriver.prototype.findElementInternal_ (file:///d:/users/fengping.hu/appdata/local/temp/tmplwggoj/extensions/fxdriver@googlecode.com/components/driver-component.js:10271)
    at fxdriver.Timer.prototype.setTimeout/&lt;.notify (file:///d:/users/fengping.hu/appdata/local/temp/tmplwggoj/extensions/fxdriver@googlecode.com/components/driver-component.js:603)


        </pre>
    </div>
    <!--css div popup end-->

    </td>
</tr>

<tr id='ft4.8' class='none'>
    <td class='errorCase'><div class='testcase'>test_08_jbjg: 受理经办结果</div></td>
    <td colspan='5' align='center'>

    <!--css div popup start-->
    <a class="popup_link" onfocus='this.blur();' href="javascript:showTestDetail('div_ft4.8')" >
        error</a>

    <div id='div_ft4.8' class="popup_window">
        <div style='text-align: right; color:red;cursor:pointer'>
        <a onfocus='this.blur();' onclick="document.getElementById('div_ft4.8').style.display = 'none' " >
           [x]</a>
        </div>
        <pre>
        
ft4.8: Traceback (most recent call last):
  File "D:\shell\test\SL_POS\src\SL_POS\testsuite_04.py", line 201, in test_08_jbjg
    xf = driver.find_element_by_xpath('/html/body/div[2]/div/div[4]/div/div[2]/div/div[1]/div/iframe')
  File "C:\Python27\lib\site-packages\selenium\webdriver\remote\webdriver.py", line 232, in find_element_by_xpath
    return self.find_element(by=By.XPATH, value=xpath)
  File "C:\Python27\lib\site-packages\selenium\webdriver\remote\webdriver.py", line 664, in find_element
    {'using': by, 'value': value})['value']
  File "C:\Python27\lib\site-packages\selenium\webdriver\remote\webdriver.py", line 175, in execute
    self.error_handler.check_response(response)
  File "C:\Python27\lib\site-packages\selenium\webdriver\remote\errorhandler.py", line 166, in check_response
    raise exception_class(message, screen, stacktrace)
NoSuchElementException: Message: Unable to locate element: {"method":"xpath","selector":"/html/body/div[2]/div/div[4]/div/div[2]/div/div[1]/div/iframe"}
Stacktrace:
    at FirefoxDriver.prototype.findElementInternal_ (file:///d:/users/fengping.hu/appdata/local/temp/tmplwggoj/extensions/fxdriver@googlecode.com/components/driver-component.js:10271)
    at fxdriver.Timer.prototype.setTimeout/&lt;.notify (file:///d:/users/fengping.hu/appdata/local/temp/tmplwggoj/extensions/fxdriver@googlecode.com/components/driver-component.js:603)


        </pre>
    </div>
    <!--css div popup end-->

    </td>
</tr>

<tr id='ft4.9' class='none'>
    <td class='errorCase'><div class='testcase'>test_09_dysq: 激光打印申请</div></td>
    <td colspan='5' align='center'>

    <!--css div popup start-->
    <a class="popup_link" onfocus='this.blur();' href="javascript:showTestDetail('div_ft4.9')" >
        error</a>

    <div id='div_ft4.9' class="popup_window">
        <div style='text-align: right; color:red;cursor:pointer'>
        <a onfocus='this.blur();' onclick="document.getElementById('div_ft4.9').style.display = 'none' " >
           [x]</a>
        </div>
        <pre>
        
ft4.9: Traceback (most recent call last):
  File "D:\shell\test\SL_POS\src\SL_POS\testsuite_04.py", line 231, in test_09_dysq
    xf = driver.find_element_by_xpath('/html/body/div[2]/div/div[4]/div/div[2]/div/div[1]/div/iframe')
  File "C:\Python27\lib\site-packages\selenium\webdriver\remote\webdriver.py", line 232, in find_element_by_xpath
    return self.find_element(by=By.XPATH, value=xpath)
  File "C:\Python27\lib\site-packages\selenium\webdriver\remote\webdriver.py", line 664, in find_element
    {'using': by, 'value': value})['value']
  File "C:\Python27\lib\site-packages\selenium\webdriver\remote\webdriver.py", line 175, in execute
    self.error_handler.check_response(response)
  File "C:\Python27\lib\site-packages\selenium\webdriver\remote\errorhandler.py", line 166, in check_response
    raise exception_class(message, screen, stacktrace)
NoSuchElementException: Message: Unable to locate element: {"method":"xpath","selector":"/html/body/div[2]/div/div[4]/div/div[2]/div/div[1]/div/iframe"}
Stacktrace:
    at FirefoxDriver.prototype.findElementInternal_ (file:///d:/users/fengping.hu/appdata/local/temp/tmplwggoj/extensions/fxdriver@googlecode.com/components/driver-component.js:10271)
    at fxdriver.Timer.prototype.setTimeout/&lt;.notify (file:///d:/users/fengping.hu/appdata/local/temp/tmplwggoj/extensions/fxdriver@googlecode.com/components/driver-component.js:603)


        </pre>
    </div>
    <!--css div popup end-->

    </td>
</tr>

<tr id='ft4.10' class='none'>
    <td class='errorCase'><div class='testcase'>test_10_pddy: 受理经办结束--批单打印</div></td>
    <td colspan='5' align='center'>

    <!--css div popup start-->
    <a class="popup_link" onfocus='this.blur();' href="javascript:showTestDetail('div_ft4.10')" >
        error</a>

    <div id='div_ft4.10' class="popup_window">
        <div style='text-align: right; color:red;cursor:pointer'>
        <a onfocus='this.blur();' onclick="document.getElementById('div_ft4.10').style.display = 'none' " >
           [x]</a>
        </div>
        <pre>
        
ft4.10: Traceback (most recent call last):
  File "D:\shell\test\SL_POS\src\SL_POS\testsuite_04.py", line 249, in test_10_pddy
    xf = driver.find_element_by_xpath('/html/body/div[2]/div/div[4]/div/div[2]/div/div[1]/div/iframe')
  File "C:\Python27\lib\site-packages\selenium\webdriver\remote\webdriver.py", line 232, in find_element_by_xpath
    return self.find_element(by=By.XPATH, value=xpath)
  File "C:\Python27\lib\site-packages\selenium\webdriver\remote\webdriver.py", line 664, in find_element
    {'using': by, 'value': value})['value']
  File "C:\Python27\lib\site-packages\selenium\webdriver\remote\webdriver.py", line 175, in execute
    self.error_handler.check_response(response)
  File "C:\Python27\lib\site-packages\selenium\webdriver\remote\errorhandler.py", line 166, in check_response
    raise exception_class(message, screen, stacktrace)
NoSuchElementException: Message: Unable to locate element: {"method":"xpath","selector":"/html/body/div[2]/div/div[4]/div/div[2]/div/div[1]/div/iframe"}
Stacktrace:
    at FirefoxDriver.prototype.findElementInternal_ (file:///d:/users/fengping.hu/appdata/local/temp/tmplwggoj/extensions/fxdriver@googlecode.com/components/driver-component.js:10271)
    at fxdriver.Timer.prototype.setTimeout/&lt;.notify (file:///d:/users/fengping.hu/appdata/local/temp/tmplwggoj/extensions/fxdriver@googlecode.com/components/driver-component.js:603)


        </pre>
    </div>
    <!--css div popup end-->

    </td>
</tr>

<tr class='errorClass'>
    <td>testsuite_05.TestCase_01: 部分领取</td>
    <td>10</td>
    <td>8</td>
    <td>0</td>
    <td>2</td>
    <td><a href="javascript:showClassDetail('c5',10)">Detail</a></td>
</tr>

<tr id='pt5.1' class='hiddenRow'>
    <td class='none'><div class='testcase'>test_01_login: 登录</div></td>
    <td colspan='5' align='center'>pass</td>
</tr>

<tr id='pt5.2' class='hiddenRow'>
    <td class='none'><div class='testcase'>test_02_khcx: 客户查询</div></td>
    <td colspan='5' align='center'>pass</td>
</tr>

<tr id='pt5.3' class='hiddenRow'>
    <td class='none'><div class='testcase'>test_03_khxz: 客户选择</div></td>
    <td colspan='5' align='center'>pass</td>
</tr>

<tr id='pt5.4' class='hiddenRow'>
    <td class='none'><div class='testcase'>test_04_xxlr: 申请信息录入</div></td>
    <td colspan='5' align='center'>pass</td>
</tr>

<tr id='pt5.5' class='hiddenRow'>
    <td class='none'><div class='testcase'>test_05_bqqr: 保全项目确认</div></td>
    <td colspan='5' align='center'>pass</td>
</tr>

<tr id='pt5.6' class='hiddenRow'>
    <td class='none'><div class='testcase'>test_06_xxtz: 受理捆绑信息调整</div></td>
    <td colspan='5' align='center'>pass</td>
</tr>

<tr id='pt5.7' class='hiddenRow'>
    <td class='none'><div class='testcase'>test_07_xxlr: 项目经办信息录入</div></td>
    <td colspan='5' align='center'>pass</td>
</tr>

<tr id='pt5.8' class='hiddenRow'>
    <td class='none'><div class='testcase'>test_08_jbjg: 受理经办结果</div></td>
    <td colspan='5' align='center'>

    <!--css div popup start-->
    <a class="popup_link" onfocus='this.blur();' href="javascript:showTestDetail('div_pt5.8')" >
        pass</a>

    <div id='div_pt5.8' class="popup_window">
        <div style='text-align: right; color:red;cursor:pointer'>
        <a onfocus='this.blur();' onclick="document.getElementById('div_pt5.8').style.display = 'none' " >
           [x]</a>
        </div>
        <pre>
        
pt5.8: 处理规则检查不通过！
 请查看截图文件 2015-04-17_09_38_22.png


        </pre>
    </div>
    <!--css div popup end-->

    </td>
</tr>

<tr id='ft5.9' class='none'>
    <td class='errorCase'><div class='testcase'>test_09_dysq: 激光打印申请</div></td>
    <td colspan='5' align='center'>

    <!--css div popup start-->
    <a class="popup_link" onfocus='this.blur();' href="javascript:showTestDetail('div_ft5.9')" >
        error</a>

    <div id='div_ft5.9' class="popup_window">
        <div style='text-align: right; color:red;cursor:pointer'>
        <a onfocus='this.blur();' onclick="document.getElementById('div_ft5.9').style.display = 'none' " >
           [x]</a>
        </div>
        <pre>
        
ft5.9: Traceback (most recent call last):
  File "D:\shell\test\SL_POS\src\SL_POS\testsuite_05.py", line 238, in test_09_dysq
    driver.find_element_by_id('print').click()
  File "C:\Python27\lib\site-packages\selenium\webdriver\remote\webelement.py", line 65, in click
    self._execute(Command.CLICK_ELEMENT)
  File "C:\Python27\lib\site-packages\selenium\webdriver\remote\webelement.py", line 402, in _execute
    return self._parent.execute(command, params)
  File "C:\Python27\lib\site-packages\selenium\webdriver\remote\webdriver.py", line 175, in execute
    self.error_handler.check_response(response)
  File "C:\Python27\lib\site-packages\selenium\webdriver\remote\errorhandler.py", line 166, in check_response
    raise exception_class(message, screen, stacktrace)
ElementNotVisibleException: Message: Element is not currently visible and so may not be interacted with
Stacktrace:
    at fxdriver.preconditions.visible (file:///d:/users/fengping.hu/appdata/local/temp/tmp1wij6g/extensions/fxdriver@googlecode.com/components/command-processor.js:9587)
    at DelayedCommand.prototype.checkPreconditions_ (file:///d:/users/fengping.hu/appdata/local/temp/tmp1wij6g/extensions/fxdriver@googlecode.com/components/command-processor.js:12257)
    at DelayedCommand.prototype.executeInternal_/h (file:///d:/users/fengping.hu/appdata/local/temp/tmp1wij6g/extensions/fxdriver@googlecode.com/components/command-processor.js:12274)
    at fxdriver.Timer.prototype.setTimeout/&lt;.notify (file:///d:/users/fengping.hu/appdata/local/temp/tmp1wij6g/extensions/fxdriver@googlecode.com/components/command-processor.js:603)


        </pre>
    </div>
    <!--css div popup end-->

    </td>
</tr>

<tr id='ft5.10' class='none'>
    <td class='errorCase'><div class='testcase'>test_10_pddy: 受理经办结束--批单打印</div></td>
    <td colspan='5' align='center'>

    <!--css div popup start-->
    <a class="popup_link" onfocus='this.blur();' href="javascript:showTestDetail('div_ft5.10')" >
        error</a>

    <div id='div_ft5.10' class="popup_window">
        <div style='text-align: right; color:red;cursor:pointer'>
        <a onfocus='this.blur();' onclick="document.getElementById('div_ft5.10').style.display = 'none' " >
           [x]</a>
        </div>
        <pre>
        
ft5.10: Traceback (most recent call last):
  File "D:\shell\test\SL_POS\src\SL_POS\testsuite_05.py", line 253, in test_10_pddy
    xf = driver.find_element_by_xpath('/html/body/div[2]/div/div[4]/div/div[2]/div/div[1]/div/iframe')
  File "C:\Python27\lib\site-packages\selenium\webdriver\remote\webdriver.py", line 232, in find_element_by_xpath
    return self.find_element(by=By.XPATH, value=xpath)
  File "C:\Python27\lib\site-packages\selenium\webdriver\remote\webdriver.py", line 664, in find_element
    {'using': by, 'value': value})['value']
  File "C:\Python27\lib\site-packages\selenium\webdriver\remote\webdriver.py", line 175, in execute
    self.error_handler.check_response(response)
  File "C:\Python27\lib\site-packages\selenium\webdriver\remote\errorhandler.py", line 166, in check_response
    raise exception_class(message, screen, stacktrace)
NoSuchElementException: Message: Unable to locate element: {"method":"xpath","selector":"/html/body/div[2]/div/div[4]/div/div[2]/div/div[1]/div/iframe"}
Stacktrace:
    at FirefoxDriver.prototype.findElementInternal_ (file:///d:/users/fengping.hu/appdata/local/temp/tmp1wij6g/extensions/fxdriver@googlecode.com/components/driver-component.js:10271)
    at fxdriver.Timer.prototype.setTimeout/&lt;.notify (file:///d:/users/fengping.hu/appdata/local/temp/tmp1wij6g/extensions/fxdriver@googlecode.com/components/driver-component.js:603)


        </pre>
    </div>
    <!--css div popup end-->

    </td>
</tr>

<tr class='errorClass'>
    <td>testsuite_06.TestCase_01: 犹豫期撤销</td>
    <td>10</td>
    <td>5</td>
    <td>0</td>
    <td>5</td>
    <td><a href="javascript:showClassDetail('c6',10)">Detail</a></td>
</tr>

<tr id='pt6.1' class='hiddenRow'>
    <td class='none'><div class='testcase'>test_01_login: 登录</div></td>
    <td colspan='5' align='center'>pass</td>
</tr>

<tr id='pt6.2' class='hiddenRow'>
    <td class='none'><div class='testcase'>test_02_khcx: 客户查询</div></td>
    <td colspan='5' align='center'>pass</td>
</tr>

<tr id='pt6.3' class='hiddenRow'>
    <td class='none'><div class='testcase'>test_03_khxz: 客户选择</div></td>
    <td colspan='5' align='center'>pass</td>
</tr>

<tr id='pt6.4' class='hiddenRow'>
    <td class='none'><div class='testcase'>test_04_xxlr: 申请信息录入</div></td>
    <td colspan='5' align='center'>pass</td>
</tr>

<tr id='pt6.5' class='hiddenRow'>
    <td class='none'><div class='testcase'>test_05_bqqr: 保全项目确认</div></td>
    <td colspan='5' align='center'>

    <!--css div popup start-->
    <a class="popup_link" onfocus='this.blur();' href="javascript:showTestDetail('div_pt6.5')" >
        pass</a>

    <div id='div_pt6.5' class="popup_window">
        <div style='text-align: right; color:red;cursor:pointer'>
        <a onfocus='this.blur();' onclick="document.getElementById('div_pt6.5').style.display = 'none' " >
           [x]</a>
        </div>
        <pre>
        
pt6.5: Message: Unable to locate element: {"method":"xpath","selector":"/html/body/div[2]/div[2]/form/div[1]/div[2]/div/fieldset/table/tbody/tr/td[5]/span"}
Stacktrace:
    at FirefoxDriver.prototype.findElementInternal_ (file:///d:/users/fengping.hu/appdata/local/temp/tmpdj1u9j/extensions/fxdriver@googlecode.com/components/driver-component.js:10271)
    at fxdriver.Timer.prototype.setTimeout/&lt;.notify (file:///d:/users/fengping.hu/appdata/local/temp/tmpdj1u9j/extensions/fxdriver@googlecode.com/components/driver-component.js:603)
 请查看截图文件 2015-04-17_09_40_26.png


        </pre>
    </div>
    <!--css div popup end-->

    </td>
</tr>

<tr id='ft6.6' class='none'>
    <td class='errorCase'><div class='testcase'>test_06_xxtz: 受理捆绑信息调整</div></td>
    <td colspan='5' align='center'>

    <!--css div popup start-->
    <a class="popup_link" onfocus='this.blur();' href="javascript:showTestDetail('div_ft6.6')" >
        error</a>

    <div id='div_ft6.6' class="popup_window">
        <div style='text-align: right; color:red;cursor:pointer'>
        <a onfocus='this.blur();' onclick="document.getElementById('div_ft6.6').style.display = 'none' " >
           [x]</a>
        </div>
        <pre>
        
ft6.6: Traceback (most recent call last):
  File "D:\shell\test\SL_POS\src\SL_POS\testsuite_06.py", line 169, in test_06_xxtz
    driver.find_element_by_name('adjustItem').click()
  File "C:\Python27\lib\site-packages\selenium\webdriver\remote\webdriver.py", line 304, in find_element_by_name
    return self.find_element(by=By.NAME, value=name)
  File "C:\Python27\lib\site-packages\selenium\webdriver\remote\webdriver.py", line 664, in find_element
    {'using': by, 'value': value})['value']
  File "C:\Python27\lib\site-packages\selenium\webdriver\remote\webdriver.py", line 175, in execute
    self.error_handler.check_response(response)
  File "C:\Python27\lib\site-packages\selenium\webdriver\remote\errorhandler.py", line 166, in check_response
    raise exception_class(message, screen, stacktrace)
NoSuchElementException: Message: Unable to locate element: {"method":"name","selector":"adjustItem"}
Stacktrace:
    at FirefoxDriver.prototype.findElementInternal_ (file:///d:/users/fengping.hu/appdata/local/temp/tmpdj1u9j/extensions/fxdriver@googlecode.com/components/driver-component.js:10271)
    at fxdriver.Timer.prototype.setTimeout/&lt;.notify (file:///d:/users/fengping.hu/appdata/local/temp/tmpdj1u9j/extensions/fxdriver@googlecode.com/components/driver-component.js:603)


        </pre>
    </div>
    <!--css div popup end-->

    </td>
</tr>

<tr id='ft6.7' class='none'>
    <td class='errorCase'><div class='testcase'>test_07_xxlr: 项目经办信息录入</div></td>
    <td colspan='5' align='center'>

    <!--css div popup start-->
    <a class="popup_link" onfocus='this.blur();' href="javascript:showTestDetail('div_ft6.7')" >
        error</a>

    <div id='div_ft6.7' class="popup_window">
        <div style='text-align: right; color:red;cursor:pointer'>
        <a onfocus='this.blur();' onclick="document.getElementById('div_ft6.7').style.display = 'none' " >
           [x]</a>
        </div>
        <pre>
        
ft6.7: Traceback (most recent call last):
  File "D:\shell\test\SL_POS\src\SL_POS\testsuite_06.py", line 180, in test_07_xxlr
    xf = driver.find_element_by_xpath('/html/body/div[2]/div/div[4]/div/div[2]/div/div[1]/div/iframe')
  File "C:\Python27\lib\site-packages\selenium\webdriver\remote\webdriver.py", line 232, in find_element_by_xpath
    return self.find_element(by=By.XPATH, value=xpath)
  File "C:\Python27\lib\site-packages\selenium\webdriver\remote\webdriver.py", line 664, in find_element
    {'using': by, 'value': value})['value']
  File "C:\Python27\lib\site-packages\selenium\webdriver\remote\webdriver.py", line 175, in execute
    self.error_handler.check_response(response)
  File "C:\Python27\lib\site-packages\selenium\webdriver\remote\errorhandler.py", line 166, in check_response
    raise exception_class(message, screen, stacktrace)
NoSuchElementException: Message: Unable to locate element: {"method":"xpath","selector":"/html/body/div[2]/div/div[4]/div/div[2]/div/div[1]/div/iframe"}
Stacktrace:
    at FirefoxDriver.prototype.findElementInternal_ (file:///d:/users/fengping.hu/appdata/local/temp/tmpdj1u9j/extensions/fxdriver@googlecode.com/components/driver-component.js:10271)
    at fxdriver.Timer.prototype.setTimeout/&lt;.notify (file:///d:/users/fengping.hu/appdata/local/temp/tmpdj1u9j/extensions/fxdriver@googlecode.com/components/driver-component.js:603)


        </pre>
    </div>
    <!--css div popup end-->

    </td>
</tr>

<tr id='ft6.8' class='none'>
    <td class='errorCase'><div class='testcase'>test_08_jbjg: 受理经办结果</div></td>
    <td colspan='5' align='center'>

    <!--css div popup start-->
    <a class="popup_link" onfocus='this.blur();' href="javascript:showTestDetail('div_ft6.8')" >
        error</a>

    <div id='div_ft6.8' class="popup_window">
        <div style='text-align: right; color:red;cursor:pointer'>
        <a onfocus='this.blur();' onclick="document.getElementById('div_ft6.8').style.display = 'none' " >
           [x]</a>
        </div>
        <pre>
        
ft6.8: Traceback (most recent call last):
  File "D:\shell\test\SL_POS\src\SL_POS\testsuite_06.py", line 200, in test_08_jbjg
    xf = driver.find_element_by_xpath('/html/body/div[2]/div/div[4]/div/div[2]/div/div[1]/div/iframe')
  File "C:\Python27\lib\site-packages\selenium\webdriver\remote\webdriver.py", line 232, in find_element_by_xpath
    return self.find_element(by=By.XPATH, value=xpath)
  File "C:\Python27\lib\site-packages\selenium\webdriver\remote\webdriver.py", line 664, in find_element
    {'using': by, 'value': value})['value']
  File "C:\Python27\lib\site-packages\selenium\webdriver\remote\webdriver.py", line 175, in execute
    self.error_handler.check_response(response)
  File "C:\Python27\lib\site-packages\selenium\webdriver\remote\errorhandler.py", line 166, in check_response
    raise exception_class(message, screen, stacktrace)
NoSuchElementException: Message: Unable to locate element: {"method":"xpath","selector":"/html/body/div[2]/div/div[4]/div/div[2]/div/div[1]/div/iframe"}
Stacktrace:
    at FirefoxDriver.prototype.findElementInternal_ (file:///d:/users/fengping.hu/appdata/local/temp/tmpdj1u9j/extensions/fxdriver@googlecode.com/components/driver-component.js:10271)
    at fxdriver.Timer.prototype.setTimeout/&lt;.notify (file:///d:/users/fengping.hu/appdata/local/temp/tmpdj1u9j/extensions/fxdriver@googlecode.com/components/driver-component.js:603)


        </pre>
    </div>
    <!--css div popup end-->

    </td>
</tr>

<tr id='ft6.9' class='none'>
    <td class='errorCase'><div class='testcase'>test_09_dysq: 激光打印申请</div></td>
    <td colspan='5' align='center'>

    <!--css div popup start-->
    <a class="popup_link" onfocus='this.blur();' href="javascript:showTestDetail('div_ft6.9')" >
        error</a>

    <div id='div_ft6.9' class="popup_window">
        <div style='text-align: right; color:red;cursor:pointer'>
        <a onfocus='this.blur();' onclick="document.getElementById('div_ft6.9').style.display = 'none' " >
           [x]</a>
        </div>
        <pre>
        
ft6.9: Traceback (most recent call last):
  File "D:\shell\test\SL_POS\src\SL_POS\testsuite_06.py", line 230, in test_09_dysq
    xf = driver.find_element_by_xpath('/html/body/div[2]/div/div[4]/div/div[2]/div/div[1]/div/iframe')
  File "C:\Python27\lib\site-packages\selenium\webdriver\remote\webdriver.py", line 232, in find_element_by_xpath
    return self.find_element(by=By.XPATH, value=xpath)
  File "C:\Python27\lib\site-packages\selenium\webdriver\remote\webdriver.py", line 664, in find_element
    {'using': by, 'value': value})['value']
  File "C:\Python27\lib\site-packages\selenium\webdriver\remote\webdriver.py", line 175, in execute
    self.error_handler.check_response(response)
  File "C:\Python27\lib\site-packages\selenium\webdriver\remote\errorhandler.py", line 166, in check_response
    raise exception_class(message, screen, stacktrace)
NoSuchElementException: Message: Unable to locate element: {"method":"xpath","selector":"/html/body/div[2]/div/div[4]/div/div[2]/div/div[1]/div/iframe"}
Stacktrace:
    at FirefoxDriver.prototype.findElementInternal_ (file:///d:/users/fengping.hu/appdata/local/temp/tmpdj1u9j/extensions/fxdriver@googlecode.com/components/driver-component.js:10271)
    at fxdriver.Timer.prototype.setTimeout/&lt;.notify (file:///d:/users/fengping.hu/appdata/local/temp/tmpdj1u9j/extensions/fxdriver@googlecode.com/components/driver-component.js:603)


        </pre>
    </div>
    <!--css div popup end-->

    </td>
</tr>

<tr id='ft6.10' class='none'>
    <td class='errorCase'><div class='testcase'>test_10_pddy: 受理经办结束--批单打印</div></td>
    <td colspan='5' align='center'>

    <!--css div popup start-->
    <a class="popup_link" onfocus='this.blur();' href="javascript:showTestDetail('div_ft6.10')" >
        error</a>

    <div id='div_ft6.10' class="popup_window">
        <div style='text-align: right; color:red;cursor:pointer'>
        <a onfocus='this.blur();' onclick="document.getElementById('div_ft6.10').style.display = 'none' " >
           [x]</a>
        </div>
        <pre>
        
ft6.10: Traceback (most recent call last):
  File "D:\shell\test\SL_POS\src\SL_POS\testsuite_06.py", line 248, in test_10_pddy
    xf = driver.find_element_by_xpath('/html/body/div[2]/div/div[4]/div/div[2]/div/div[1]/div/iframe')
  File "C:\Python27\lib\site-packages\selenium\webdriver\remote\webdriver.py", line 232, in find_element_by_xpath
    return self.find_element(by=By.XPATH, value=xpath)
  File "C:\Python27\lib\site-packages\selenium\webdriver\remote\webdriver.py", line 664, in find_element
    {'using': by, 'value': value})['value']
  File "C:\Python27\lib\site-packages\selenium\webdriver\remote\webdriver.py", line 175, in execute
    self.error_handler.check_response(response)
  File "C:\Python27\lib\site-packages\selenium\webdriver\remote\errorhandler.py", line 166, in check_response
    raise exception_class(message, screen, stacktrace)
NoSuchElementException: Message: Unable to locate element: {"method":"xpath","selector":"/html/body/div[2]/div/div[4]/div/div[2]/div/div[1]/div/iframe"}
Stacktrace:
    at FirefoxDriver.prototype.findElementInternal_ (file:///d:/users/fengping.hu/appdata/local/temp/tmpdj1u9j/extensions/fxdriver@googlecode.com/components/driver-component.js:10271)
    at fxdriver.Timer.prototype.setTimeout/&lt;.notify (file:///d:/users/fengping.hu/appdata/local/temp/tmpdj1u9j/extensions/fxdriver@googlecode.com/components/driver-component.js:603)


        </pre>
    </div>
    <!--css div popup end-->

    </td>
</tr>

<tr class='errorClass'>
    <td>testsuite_07.TestCase_01: 生存金领取</td>
    <td>10</td>
    <td>5</td>
    <td>0</td>
    <td>5</td>
    <td><a href="javascript:showClassDetail('c7',10)">Detail</a></td>
</tr>

<tr id='pt7.1' class='hiddenRow'>
    <td class='none'><div class='testcase'>test_01_login: 登录</div></td>
    <td colspan='5' align='center'>pass</td>
</tr>

<tr id='pt7.2' class='hiddenRow'>
    <td class='none'><div class='testcase'>test_02_khcx: 客户查询</div></td>
    <td colspan='5' align='center'>pass</td>
</tr>

<tr id='pt7.3' class='hiddenRow'>
    <td class='none'><div class='testcase'>test_03_khxz: 客户选择</div></td>
    <td colspan='5' align='center'>pass</td>
</tr>

<tr id='pt7.4' class='hiddenRow'>
    <td class='none'><div class='testcase'>test_04_xxlr: 申请信息录入</div></td>
    <td colspan='5' align='center'>pass</td>
</tr>

<tr id='pt7.5' class='hiddenRow'>
    <td class='none'><div class='testcase'>test_05_bqqr: 保全项目确认</div></td>
    <td colspan='5' align='center'>

    <!--css div popup start-->
    <a class="popup_link" onfocus='this.blur();' href="javascript:showTestDetail('div_pt7.5')" >
        pass</a>

    <div id='div_pt7.5' class="popup_window">
        <div style='text-align: right; color:red;cursor:pointer'>
        <a onfocus='this.blur();' onclick="document.getElementById('div_pt7.5').style.display = 'none' " >
           [x]</a>
        </div>
        <pre>
        
pt7.5: Message: Unable to locate element: {"method":"xpath","selector":"/html/body/div[2]/div[2]/form/div[1]/div[2]/div/fieldset/table/tbody/tr/td[5]/span"}
Stacktrace:
    at FirefoxDriver.prototype.findElementInternal_ (file:///d:/users/fengping.hu/appdata/local/temp/tmpiqzcko/extensions/fxdriver@googlecode.com/components/driver-component.js:10271)
    at fxdriver.Timer.prototype.setTimeout/&lt;.notify (file:///d:/users/fengping.hu/appdata/local/temp/tmpiqzcko/extensions/fxdriver@googlecode.com/components/driver-component.js:603)
 请查看截图文件 2015-04-17_09_44_02.png


        </pre>
    </div>
    <!--css div popup end-->

    </td>
</tr>

<tr id='ft7.6' class='none'>
    <td class='errorCase'><div class='testcase'>test_06_xxtz: 受理捆绑信息调整</div></td>
    <td colspan='5' align='center'>

    <!--css div popup start-->
    <a class="popup_link" onfocus='this.blur();' href="javascript:showTestDetail('div_ft7.6')" >
        error</a>

    <div id='div_ft7.6' class="popup_window">
        <div style='text-align: right; color:red;cursor:pointer'>
        <a onfocus='this.blur();' onclick="document.getElementById('div_ft7.6').style.display = 'none' " >
           [x]</a>
        </div>
        <pre>
        
ft7.6: Traceback (most recent call last):
  File "D:\shell\test\SL_POS\src\SL_POS\testsuite_07.py", line 169, in test_06_xxtz
    driver.find_element_by_name('adjustItem').click()
  File "C:\Python27\lib\site-packages\selenium\webdriver\remote\webdriver.py", line 304, in find_element_by_name
    return self.find_element(by=By.NAME, value=name)
  File "C:\Python27\lib\site-packages\selenium\webdriver\remote\webdriver.py", line 664, in find_element
    {'using': by, 'value': value})['value']
  File "C:\Python27\lib\site-packages\selenium\webdriver\remote\webdriver.py", line 175, in execute
    self.error_handler.check_response(response)
  File "C:\Python27\lib\site-packages\selenium\webdriver\remote\errorhandler.py", line 166, in check_response
    raise exception_class(message, screen, stacktrace)
NoSuchElementException: Message: Unable to locate element: {"method":"name","selector":"adjustItem"}
Stacktrace:
    at FirefoxDriver.prototype.findElementInternal_ (file:///d:/users/fengping.hu/appdata/local/temp/tmpiqzcko/extensions/fxdriver@googlecode.com/components/driver-component.js:10271)
    at fxdriver.Timer.prototype.setTimeout/&lt;.notify (file:///d:/users/fengping.hu/appdata/local/temp/tmpiqzcko/extensions/fxdriver@googlecode.com/components/driver-component.js:603)


        </pre>
    </div>
    <!--css div popup end-->

    </td>
</tr>

<tr id='ft7.7' class='none'>
    <td class='errorCase'><div class='testcase'>test_07_xxlr: 项目经办信息录入</div></td>
    <td colspan='5' align='center'>

    <!--css div popup start-->
    <a class="popup_link" onfocus='this.blur();' href="javascript:showTestDetail('div_ft7.7')" >
        error</a>

    <div id='div_ft7.7' class="popup_window">
        <div style='text-align: right; color:red;cursor:pointer'>
        <a onfocus='this.blur();' onclick="document.getElementById('div_ft7.7').style.display = 'none' " >
           [x]</a>
        </div>
        <pre>
        
ft7.7: Traceback (most recent call last):
  File "D:\shell\test\SL_POS\src\SL_POS\testsuite_07.py", line 179, in test_07_xxlr
    xf = driver.find_element_by_xpath('/html/body/div[2]/div/div[4]/div/div[2]/div/div[1]/div/iframe')
  File "C:\Python27\lib\site-packages\selenium\webdriver\remote\webdriver.py", line 232, in find_element_by_xpath
    return self.find_element(by=By.XPATH, value=xpath)
  File "C:\Python27\lib\site-packages\selenium\webdriver\remote\webdriver.py", line 664, in find_element
    {'using': by, 'value': value})['value']
  File "C:\Python27\lib\site-packages\selenium\webdriver\remote\webdriver.py", line 175, in execute
    self.error_handler.check_response(response)
  File "C:\Python27\lib\site-packages\selenium\webdriver\remote\errorhandler.py", line 166, in check_response
    raise exception_class(message, screen, stacktrace)
NoSuchElementException: Message: Unable to locate element: {"method":"xpath","selector":"/html/body/div[2]/div/div[4]/div/div[2]/div/div[1]/div/iframe"}
Stacktrace:
    at FirefoxDriver.prototype.findElementInternal_ (file:///d:/users/fengping.hu/appdata/local/temp/tmpiqzcko/extensions/fxdriver@googlecode.com/components/driver-component.js:10271)
    at fxdriver.Timer.prototype.setTimeout/&lt;.notify (file:///d:/users/fengping.hu/appdata/local/temp/tmpiqzcko/extensions/fxdriver@googlecode.com/components/driver-component.js:603)


        </pre>
    </div>
    <!--css div popup end-->

    </td>
</tr>

<tr id='ft7.8' class='none'>
    <td class='errorCase'><div class='testcase'>test_08_jbjg: 受理经办结果</div></td>
    <td colspan='5' align='center'>

    <!--css div popup start-->
    <a class="popup_link" onfocus='this.blur();' href="javascript:showTestDetail('div_ft7.8')" >
        error</a>

    <div id='div_ft7.8' class="popup_window">
        <div style='text-align: right; color:red;cursor:pointer'>
        <a onfocus='this.blur();' onclick="document.getElementById('div_ft7.8').style.display = 'none' " >
           [x]</a>
        </div>
        <pre>
        
ft7.8: Traceback (most recent call last):
  File "D:\shell\test\SL_POS\src\SL_POS\testsuite_07.py", line 197, in test_08_jbjg
    xf = driver.find_element_by_xpath('/html/body/div[2]/div/div[4]/div/div[2]/div/div[1]/div/iframe')
  File "C:\Python27\lib\site-packages\selenium\webdriver\remote\webdriver.py", line 232, in find_element_by_xpath
    return self.find_element(by=By.XPATH, value=xpath)
  File "C:\Python27\lib\site-packages\selenium\webdriver\remote\webdriver.py", line 664, in find_element
    {'using': by, 'value': value})['value']
  File "C:\Python27\lib\site-packages\selenium\webdriver\remote\webdriver.py", line 175, in execute
    self.error_handler.check_response(response)
  File "C:\Python27\lib\site-packages\selenium\webdriver\remote\errorhandler.py", line 166, in check_response
    raise exception_class(message, screen, stacktrace)
InvalidSelectorException: Message: The given selector /html/body/div[2]/div/div[4]/div/div[2]/div/div[1]/div/iframe is either invalid or does not result in a WebElement. The following error occurred:
InvalidSelectorError: Unable to locate an element with the xpath expression /html/body/div[2]/div/div[4]/div/div[2]/div/div[1]/div/iframe because of the following error:
TypeError: Argument 1 of Document.createNSResolver is not an object.
Stacktrace:
    at FirefoxDriver.annotateInvalidSelectorError_ (file:///d:/users/fengping.hu/appdata/local/temp/tmpiqzcko/extensions/fxdriver@googlecode.com/components/driver-component.js:10245)
    at FirefoxDriver.prototype.findElementInternal_ (file:///d:/users/fengping.hu/appdata/local/temp/tmpiqzcko/extensions/fxdriver@googlecode.com/components/driver-component.js:10276)
    at fxdriver.Timer.prototype.setTimeout/&lt;.notify (file:///d:/users/fengping.hu/appdata/local/temp/tmpiqzcko/extensions/fxdriver@googlecode.com/components/driver-component.js:603)


        </pre>
    </div>
    <!--css div popup end-->

    </td>
</tr>

<tr id='ft7.9' class='none'>
    <td class='errorCase'><div class='testcase'>test_09_dysq: 激光打印申请</div></td>
    <td colspan='5' align='center'>

    <!--css div popup start-->
    <a class="popup_link" onfocus='this.blur();' href="javascript:showTestDetail('div_ft7.9')" >
        error</a>

    <div id='div_ft7.9' class="popup_window">
        <div style='text-align: right; color:red;cursor:pointer'>
        <a onfocus='this.blur();' onclick="document.getElementById('div_ft7.9').style.display = 'none' " >
           [x]</a>
        </div>
        <pre>
        
ft7.9: Traceback (most recent call last):
  File "D:\shell\test\SL_POS\src\SL_POS\testsuite_07.py", line 227, in test_09_dysq
    xf = driver.find_element_by_xpath('/html/body/div[2]/div/div[4]/div/div[2]/div/div[1]/div/iframe')
  File "C:\Python27\lib\site-packages\selenium\webdriver\remote\webdriver.py", line 232, in find_element_by_xpath
    return self.find_element(by=By.XPATH, value=xpath)
  File "C:\Python27\lib\site-packages\selenium\webdriver\remote\webdriver.py", line 664, in find_element
    {'using': by, 'value': value})['value']
  File "C:\Python27\lib\site-packages\selenium\webdriver\remote\webdriver.py", line 173, in execute
    response = self.command_executor.execute(driver_command, params)
  File "C:\Python27\lib\site-packages\selenium\webdriver\remote\remote_connection.py", line 349, in execute
    return self._request(command_info[0], url, body=data)
  File "C:\Python27\lib\site-packages\selenium\webdriver\remote\remote_connection.py", line 380, in _request
    resp = self._conn.getresponse()
  File "C:\Python27\lib\httplib.py", line 1067, in getresponse
    response.begin()
  File "C:\Python27\lib\httplib.py", line 409, in begin
    version, status, reason = self._read_status()
  File "C:\Python27\lib\httplib.py", line 373, in _read_status
    raise BadStatusLine(line)
BadStatusLine: ''


        </pre>
    </div>
    <!--css div popup end-->

    </td>
</tr>

<tr id='ft7.10' class='none'>
    <td class='errorCase'><div class='testcase'>test_10_pddy: 受理经办结束--批单打印</div></td>
    <td colspan='5' align='center'>

    <!--css div popup start-->
    <a class="popup_link" onfocus='this.blur();' href="javascript:showTestDetail('div_ft7.10')" >
        error</a>

    <div id='div_ft7.10' class="popup_window">
        <div style='text-align: right; color:red;cursor:pointer'>
        <a onfocus='this.blur();' onclick="document.getElementById('div_ft7.10').style.display = 'none' " >
           [x]</a>
        </div>
        <pre>
        
ft7.10: Traceback (most recent call last):
  File "D:\shell\test\SL_POS\src\SL_POS\testsuite_07.py", line 245, in test_10_pddy
    xf = driver.find_element_by_xpath('/html/body/div[2]/div/div[4]/div/div[2]/div/div[1]/div/iframe')
  File "C:\Python27\lib\site-packages\selenium\webdriver\remote\webdriver.py", line 232, in find_element_by_xpath
    return self.find_element(by=By.XPATH, value=xpath)
  File "C:\Python27\lib\site-packages\selenium\webdriver\remote\webdriver.py", line 664, in find_element
    {'using': by, 'value': value})['value']
  File "C:\Python27\lib\site-packages\selenium\webdriver\remote\webdriver.py", line 173, in execute
    response = self.command_executor.execute(driver_command, params)
  File "C:\Python27\lib\site-packages\selenium\webdriver\remote\remote_connection.py", line 349, in execute
    return self._request(command_info[0], url, body=data)
  File "C:\Python27\lib\site-packages\selenium\webdriver\remote\remote_connection.py", line 379, in _request
    self._conn.request(method, parsed_url.path, body, headers)
  File "C:\Python27\lib\httplib.py", line 995, in request
    self._send_request(method, url, body, headers)
  File "C:\Python27\lib\httplib.py", line 1029, in _send_request
    self.endheaders(body)
  File "C:\Python27\lib\httplib.py", line 991, in endheaders
    self._send_output(message_body)
  File "C:\Python27\lib\httplib.py", line 844, in _send_output
    self.send(msg)
  File "C:\Python27\lib\httplib.py", line 806, in send
    self.connect()
  File "C:\Python27\lib\httplib.py", line 787, in connect
    self.timeout, self.source_address)
  File "C:\Python27\lib\socket.py", line 571, in create_connection
    raise err
error: [Errno 10061] 


        </pre>
    </div>
    <!--css div popup end-->

    </td>
</tr>

<tr class='errorClass'>
    <td>unittest.suite._ErrorHolder</td>
    <td>1</td>
    <td>0</td>
    <td>0</td>
    <td>1</td>
    <td><a href="javascript:showClassDetail('c8',1)">Detail</a></td>
</tr>

<tr id='ft8.1' class='none'>
    <td class='errorCase'><div class='testcase'>TestCase_01)</div></td>
    <td colspan='5' align='center'>

    <!--css div popup start-->
    <a class="popup_link" onfocus='this.blur();' href="javascript:showTestDetail('div_ft8.1')" >
        error</a>

    <div id='div_ft8.1' class="popup_window">
        <div style='text-align: right; color:red;cursor:pointer'>
        <a onfocus='this.blur();' onclick="document.getElementById('div_ft8.1').style.display = 'none' " >
           [x]</a>
        </div>
        <pre>
        
ft8.1: Traceback (most recent call last):
  File "D:\shell\test\SL_POS\src\SL_POS\testsuite_07.py", line 290, in tearDownClass
    cls.driver.quit()
  File "C:\Python27\lib\site-packages\selenium\webdriver\firefox\webdriver.py", line 67, in quit
    RemoteWebDriver.quit(self)
  File "C:\Python27\lib\site-packages\selenium\webdriver\remote\webdriver.py", line 457, in quit
    self.execute(Command.QUIT)
  File "C:\Python27\lib\site-packages\selenium\webdriver\remote\webdriver.py", line 173, in execute
    response = self.command_executor.execute(driver_command, params)
  File "C:\Python27\lib\site-packages\selenium\webdriver\remote\remote_connection.py", line 349, in execute
    return self._request(command_info[0], url, body=data)
  File "C:\Python27\lib\site-packages\selenium\webdriver\remote\remote_connection.py", line 379, in _request
    self._conn.request(method, parsed_url.path, body, headers)
  File "C:\Python27\lib\httplib.py", line 995, in request
    self._send_request(method, url, body, headers)
  File "C:\Python27\lib\httplib.py", line 1023, in _send_request
    self.putrequest(method, url, **skips)
  File "C:\Python27\lib\httplib.py", line 886, in putrequest
    raise CannotSendRequest()
CannotSendRequest


        </pre>
    </div>
    <!--css div popup end-->

    </td>
</tr>

<tr id='total_row'>
    <td>Total</td>
    <td>64</td>
    <td>42</td>
    <td>0</td>
    <td>22</td>
    <td>&nbsp;</td>
</tr>
</table>

<div id='ending'>&nbsp;</div>

</body>
</html>
